<testsuites id="" name="" tests="4" failures="0" skipped="0" errors="0" time="0.6814100000000001">
<testsuite name="api/add-to-cart.spec.ts" timestamp="2025-11-09T15:36:14.478Z" hostname="" tests="1" failures="0" skipped="0" time="0.366" errors="0">
<testcase name="API - Add to Cart Flow › User can add products to cart successfully" classname="api/add-to-cart.spec.ts" time="0.366">
</testcase>
</testsuite>
<testsuite name="api/user-login.spec.ts" timestamp="2025-11-09T15:36:14.478Z" hostname="" tests="2" failures="0" skipped="0" time="0.263" errors="0">
<testcase name="API - User Login Flow (Mock) › User can login successfully with valid credentials" classname="api/user-login.spec.ts" time="0.129">
</testcase>
<testcase name="API - User Login Flow (Mock) › User cannot login with invalid credentials" classname="api/user-login.spec.ts" time="0.134">
</testcase>
</testsuite>
<testsuite name="api/user-registration.spec.ts" timestamp="2025-11-09T15:36:14.478Z" hostname="" tests="1" failures="0" skipped="0" time="0.366" errors="0">
<testcase name="API - User Registration Flow › User can register successfully" classname="api/user-registration.spec.ts" time="0.366">
</testcase>
</testsuite>
</testsuites>